app/build/intermediates/manifest_merge_blame_file/debug/manifest-merger-blame-debug-report.txt
1<?xml version="1.0" encoding="utf-8"?>
2<manifest xmlns:android="http://schemas.android.com/apk/res/android"
3    package="com.google.android.gms.samples.vision.ocrreader"
4    android:installLocation="auto"
5    android:versionCode="1"
6    android:versionName="1.0" >
7
8    <uses-sdk
9        android:minSdkVersion="9"
9-->src/main/AndroidManifest.xml
10        android:targetSdkVersion="23" />
10-->src/main/AndroidManifest.xml
11
12    <uses-feature android:name="android.hardware.camera" />
12-->src/main/AndroidManifest.xml:6:5-60
12-->src/main/AndroidManifest.xml:6:19-57
13
14    <uses-permission android:name="android.permission.CAMERA" />
14-->src/main/AndroidManifest.xml:7:5-65
14-->src/main/AndroidManifest.xml:7:22-62
15
16    <application
16-->src/main/AndroidManifest.xml:9:5-33:19
17        android:allowBackup="true"
17-->src/main/AndroidManifest.xml:10:9-35
18        android:debuggable="true"
19        android:fullBackupContent="false"
19-->src/main/AndroidManifest.xml:11:9-42
20        android:hardwareAccelerated="true"
20-->src/main/AndroidManifest.xml:12:9-43
21        android:icon="@drawable/icon"
21-->src/main/AndroidManifest.xml:13:9-38
22        android:label="MultiTrackerApp"
22-->src/main/AndroidManifest.xml:14:9-40
23        android:supportsRtl="true"
23-->src/main/AndroidManifest.xml:15:9-37
24        android:testOnly="true"
25        android:theme="@style/Theme.AppCompat" >
25-->src/main/AndroidManifest.xml:16:9-47
26        <meta-data
26-->src/main/AndroidManifest.xml:17:9-19:35
27            android:name="com.google.android.gms.vision.DEPENDENCIES"
27-->src/main/AndroidManifest.xml:18:13-70
28            android:value="ocr" />
28-->src/main/AndroidManifest.xml:19:13-32
29
30        <activity
30-->src/main/AndroidManifest.xml:21:9-29:20
31            android:name="com.google.android.gms.samples.vision.ocrreader.MainActivity"
31-->src/main/AndroidManifest.xml:22:13-88
32            android:label="@string/title_activity_main" >
32-->src/main/AndroidManifest.xml:23:13-56
33            <intent-filter>
33-->src/main/AndroidManifest.xml:24:13-28:29
34                <action android:name="android.intent.action.MAIN" />
34-->src/main/AndroidManifest.xml:25:17-69
34-->src/main/AndroidManifest.xml:25:25-66
35
36                <category android:name="android.intent.category.LAUNCHER" />
36-->src/main/AndroidManifest.xml:27:17-77
36-->src/main/AndroidManifest.xml:27:27-74
37            </intent-filter>
38        </activity>
39        <activity
39-->src/main/AndroidManifest.xml:31:9-32:41
40            android:name="com.google.android.gms.samples.vision.ocrreader.OCRPack.OcrCaptureActivity"
40-->src/main/AndroidManifest.xml:31:19-108
41            android:label="Read Text" />
41-->src/main/AndroidManifest.xml:32:13-38
42        <activity
42-->[com.google.android.gms:play-services-base:9.4.0] AndroidManifest.xml:20:9-22:45
43            android:name="com.google.android.gms.common.api.GoogleApiActivity"
43-->[com.google.android.gms:play-services-base:9.4.0] AndroidManifest.xml:20:19-85
44            android:exported="false"
44-->[com.google.android.gms:play-services-base:9.4.0] AndroidManifest.xml:22:19-43
45            android:theme="@android:style/Theme.Translucent.NoTitleBar" />
45-->[com.google.android.gms:play-services-base:9.4.0] AndroidManifest.xml:21:19-78
46
47        <meta-data
47-->[com.google.android.gms:play-services-basement:9.4.0] AndroidManifest.xml:21:9-23:69
48            android:name="com.google.android.gms.version"
48-->[com.google.android.gms:play-services-basement:9.4.0] AndroidManifest.xml:22:13-58
49            android:value="@integer/google_play_services_version" />
49-->[com.google.android.gms:play-services-basement:9.4.0] AndroidManifest.xml:23:13-66
50    </application>
51
52</manifest>